<?xml version="1.0" encoding="UTF-8"?>
<!-- Generated by org.testng.reporters.JUnitReportReporter -->
<testsuite hostname="Ishita" name="com.qa.GmailLoginTest.GmailLoginTest" tests="1" failures="0" timestamp="27 Jun 2019 21:37:42 GMT" time="14.151" errors="0">
  <testcase name="Login" time="14.151" classname="com.qa.GmailLoginTest.GmailLoginTest"/>
</testsuite> <!-- com.qa.GmailLoginTest.GmailLoginTest -->
